Performing C SOURCE FILE Test CMAKE_HAVE_LIBC_PTHREAD failed with the following output:
Change Dir: /stck/aremigi/CoMMA/build/CMakeFiles/CMakeTmp

Run Build Command(s):/usr/bin/gmake cmTC_10f65/fast && /usr/bin/gmake  -f CMakeFiles/cmTC_10f65.dir/build.make CMakeFiles/cmTC_10f65.dir/build
gmake[1]: Entering directory `/stck/aremigi/CoMMA/build/CMakeFiles/CMakeTmp'
Building C object CMakeFiles/cmTC_10f65.dir/src.c.o
/opt/tools/gcc-8.3/bin/gcc -DCMAKE_HAVE_LIBC_PTHREAD   -o CMakeFiles/cmTC_10f65.dir/src.c.o -c /stck/aremigi/CoMMA/build/CMakeFiles/CMakeTmp/src.c
Linking C executable cmTC_10f65
/opt/tools/cmake3.19-gnu/bin/cmake -E cmake_link_script CMakeFiles/cmTC_10f65.dir/link.txt --verbose=1
/opt/tools/gcc-8.3/bin/gcc -rdynamic CMakeFiles/cmTC_10f65.dir/src.c.o -o cmTC_10f65 
CMakeFiles/cmTC_10f65.dir/src.c.o: In function `main':
src.c:(.text+0x2d): undefined reference to `pthread_create'
src.c:(.text+0x39): undefined reference to `pthread_detach'
src.c:(.text+0x45): undefined reference to `pthread_cancel'
src.c:(.text+0x56): undefined reference to `pthread_join'
src.c:(.text+0x6a): undefined reference to `pthread_atfork'
collect2: error: ld returned 1 exit status
gmake[1]: *** [cmTC_10f65] Error 1
gmake[1]: Leaving directory `/stck/aremigi/CoMMA/build/CMakeFiles/CMakeTmp'
gmake: *** [cmTC_10f65/fast] Error 2


Source file was:
#include <pthread.h>

static void* test_func(void* data)
{
  return data;
}

int main(void)
{
  pthread_t thread;
  pthread_create(&thread, NULL, test_func, NULL);
  pthread_detach(thread);
  pthread_cancel(thread);
  pthread_join(thread, NULL);
  pthread_atfork(NULL, NULL, NULL);
  pthread_exit(NULL);

  return 0;
}

Determining if the function pthread_create exists in the pthreads failed with the following output:
Change Dir: /stck/aremigi/CoMMA/build/CMakeFiles/CMakeTmp

Run Build Command(s):/usr/bin/gmake cmTC_c739d/fast && /usr/bin/gmake  -f CMakeFiles/cmTC_c739d.dir/build.make CMakeFiles/cmTC_c739d.dir/build
gmake[1]: Entering directory `/stck/aremigi/CoMMA/build/CMakeFiles/CMakeTmp'
Building C object CMakeFiles/cmTC_c739d.dir/CheckFunctionExists.c.o
/opt/tools/gcc-8.3/bin/gcc   -DCHECK_FUNCTION_EXISTS=pthread_create -o CMakeFiles/cmTC_c739d.dir/CheckFunctionExists.c.o -c /opt/tools/cmake3.19-gnu/share/cmake-3.19/Modules/CheckFunctionExists.c
Linking C executable cmTC_c739d
/opt/tools/cmake3.19-gnu/bin/cmake -E cmake_link_script CMakeFiles/cmTC_c739d.dir/link.txt --verbose=1
/opt/tools/gcc-8.3/bin/gcc  -DCHECK_FUNCTION_EXISTS=pthread_create -rdynamic CMakeFiles/cmTC_c739d.dir/CheckFunctionExists.c.o -o cmTC_c739d  -lpthreads 
/usr/bin/ld: cannot find -lpthreads
collect2: error: ld returned 1 exit status
gmake[1]: *** [cmTC_c739d] Error 1
gmake[1]: Leaving directory `/stck/aremigi/CoMMA/build/CMakeFiles/CMakeTmp'
gmake: *** [cmTC_c739d/fast] Error 2



